  lab1.cpp
C:\Users\Rayphias\Desktop\Lab6\lab1\lab1.cpp(132,32): warning C4305: аргумент: усечение из "double" в "GLclampf"
C:\Users\Rayphias\Desktop\Lab6\lab1\lab1.cpp(132,27): warning C4305: аргумент: усечение из "double" в "GLclampf"
C:\Users\Rayphias\Desktop\Lab6\lab1\lab1.cpp(132,22): warning C4305: аргумент: усечение из "double" в "GLclampf"
     Создается библиотека C:\Users\Rayphias\Desktop\Lab6\x64\Debug\lab1.lib и объект C:\Users\Rayphias\Desktop\Lab6\x64\Debug\lab1.exp
LINK : warning LNK4217: Символ "glewInit", определенный в "glew.obj", импортирован "lab1.obj" в функции "main".
LINK : warning LNK4217: Символ "glewGetErrorString", определенный в "glew.obj", импортирован "lab1.obj" в функции "main".
LINK : warning LNK4217: Символ "__glewBindBuffer", определенный в "glew.obj", импортирован "lab1.obj" в функции ""private: void __cdecl Mesh::setupMesh(void)" (?setupMesh@Mesh@@AEAAXXZ)".
LINK : warning LNK4217: Символ "__glewBufferData", определенный в "glew.obj", импортирован "lab1.obj" в функции ""private: void __cdecl Mesh::setupMesh(void)" (?setupMesh@Mesh@@AEAAXXZ)".
LINK : warning LNK4217: Символ "__glewGenBuffers", определенный в "glew.obj", импортирован "lab1.obj" в функции ""private: void __cdecl Mesh::setupMesh(void)" (?setupMesh@Mesh@@AEAAXXZ)".
LINK : warning LNK4217: Символ "__glewAttachShader", определенный в "glew.obj", импортирован "lab1.obj" в функции ""public: static unsigned int __cdecl ShaderLoader::LoadShader(class std::basic_string<char,struct std::char_traits<char>,class std::allocator<char> > const &,class std::basic_string<char,struct std::char_traits<char>,class std::allocator<char> > const &)" (?LoadShader@ShaderLoader@@SAIAEBV?$basic_string@DU?$char_traits@D@std@@V?$allocator@D@2@@std@@0@Z)".
LINK : warning LNK4217: Символ "__glewCompileShader", определенный в "glew.obj", импортирован "lab1.obj" в функции ""public: static unsigned int __cdecl ShaderLoader::LoadShader(class std::basic_string<char,struct std::char_traits<char>,class std::allocator<char> > const &,class std::basic_string<char,struct std::char_traits<char>,class std::allocator<char> > const &)" (?LoadShader@ShaderLoader@@SAIAEBV?$basic_string@DU?$char_traits@D@std@@V?$allocator@D@2@@std@@0@Z)".
LINK : warning LNK4217: Символ "__glewCreateProgram", определенный в "glew.obj", импортирован "lab1.obj" в функции ""public: static unsigned int __cdecl ShaderLoader::LoadShader(class std::basic_string<char,struct std::char_traits<char>,class std::allocator<char> > const &,class std::basic_string<char,struct std::char_traits<char>,class std::allocator<char> > const &)" (?LoadShader@ShaderLoader@@SAIAEBV?$basic_string@DU?$char_traits@D@std@@V?$allocator@D@2@@std@@0@Z)".
LINK : warning LNK4217: Символ "__glewCreateShader", определенный в "glew.obj", импортирован "lab1.obj" в функции ""public: static unsigned int __cdecl ShaderLoader::LoadShader(class std::basic_string<char,struct std::char_traits<char>,class std::allocator<char> > const &,class std::basic_string<char,struct std::char_traits<char>,class std::allocator<char> > const &)" (?LoadShader@ShaderLoader@@SAIAEBV?$basic_string@DU?$char_traits@D@std@@V?$allocator@D@2@@std@@0@Z)".
LINK : warning LNK4217: Символ "__glewDeleteShader", определенный в "glew.obj", импортирован "lab1.obj" в функции ""public: static unsigned int __cdecl ShaderLoader::LoadShader(class std::basic_string<char,struct std::char_traits<char>,class std::allocator<char> > const &,class std::basic_string<char,struct std::char_traits<char>,class std::allocator<char> > const &)" (?LoadShader@ShaderLoader@@SAIAEBV?$basic_string@DU?$char_traits@D@std@@V?$allocator@D@2@@std@@0@Z)".
LINK : warning LNK4217: Символ "__glewEnableVertexAttribArray", определенный в "glew.obj", импортирован "lab1.obj" в функции ""private: void __cdecl Mesh::setupMesh(void)" (?setupMesh@Mesh@@AEAAXXZ)".
LINK : warning LNK4217: Символ "__glewGetProgramInfoLog", определенный в "glew.obj", импортирован "lab1.obj" в функции ""private: static void __cdecl ShaderLoader::CheckProgramErrors(unsigned int)" (?CheckProgramErrors@ShaderLoader@@CAXI@Z)".
LINK : warning LNK4217: Символ "__glewGetProgramiv", определенный в "glew.obj", импортирован "lab1.obj" в функции ""private: static void __cdecl ShaderLoader::CheckProgramErrors(unsigned int)" (?CheckProgramErrors@ShaderLoader@@CAXI@Z)".
LINK : warning LNK4217: Символ "__glewGetShaderInfoLog", определенный в "glew.obj", импортирован "lab1.obj" в функции ""private: static void __cdecl ShaderLoader::CheckCompileErrors(unsigned int,class std::basic_string<char,struct std::char_traits<char>,class std::allocator<char> > const &)" (?CheckCompileErrors@ShaderLoader@@CAXIAEBV?$basic_string@DU?$char_traits@D@std@@V?$allocator@D@2@@std@@@Z)".
LINK : warning LNK4217: Символ "__glewGetShaderiv", определенный в "glew.obj", импортирован "lab1.obj" в функции ""private: static void __cdecl ShaderLoader::CheckCompileErrors(unsigned int,class std::basic_string<char,struct std::char_traits<char>,class std::allocator<char> > const &)" (?CheckCompileErrors@ShaderLoader@@CAXIAEBV?$basic_string@DU?$char_traits@D@std@@V?$allocator@D@2@@std@@@Z)".
LINK : warning LNK4217: Символ "__glewGetUniformLocation", определенный в "glew.obj", импортирован "lab1.obj" в функции ""void __cdecl settingMat4(int,class std::basic_string<char,struct std::char_traits<char>,class std::allocator<char> > const &,struct glm::mat<4,4,float,0> const &)" (?settingMat4@@YAXHAEBV?$basic_string@DU?$char_traits@D@std@@V?$allocator@D@2@@std@@AEBU?$mat@$03$03M$0A@@glm@@@Z)".
LINK : warning LNK4217: Символ "__glewLinkProgram", определенный в "glew.obj", импортирован "lab1.obj" в функции ""public: static unsigned int __cdecl ShaderLoader::LoadShader(class std::basic_string<char,struct std::char_traits<char>,class std::allocator<char> > const &,class std::basic_string<char,struct std::char_traits<char>,class std::allocator<char> > const &)" (?LoadShader@ShaderLoader@@SAIAEBV?$basic_string@DU?$char_traits@D@std@@V?$allocator@D@2@@std@@0@Z)".
LINK : warning LNK4217: Символ "__glewShaderSource", определенный в "glew.obj", импортирован "lab1.obj" в функции ""public: static unsigned int __cdecl ShaderLoader::LoadShader(class std::basic_string<char,struct std::char_traits<char>,class std::allocator<char> > const &,class std::basic_string<char,struct std::char_traits<char>,class std::allocator<char> > const &)" (?LoadShader@ShaderLoader@@SAIAEBV?$basic_string@DU?$char_traits@D@std@@V?$allocator@D@2@@std@@0@Z)".
LINK : warning LNK4217: Символ "__glewUniform1f", определенный в "glew.obj", импортирован "lab1.obj" в функции "main".
LINK : warning LNK4217: Символ "__glewUniform3f", определенный в "glew.obj", импортирован "lab1.obj" в функции "main".
LINK : warning LNK4217: Символ "__glewUniformMatrix4fv", определенный в "glew.obj", импортирован "lab1.obj" в функции ""void __cdecl settingMat4(int,class std::basic_string<char,struct std::char_traits<char>,class std::allocator<char> > const &,struct glm::mat<4,4,float,0> const &)" (?settingMat4@@YAXHAEBV?$basic_string@DU?$char_traits@D@std@@V?$allocator@D@2@@std@@AEBU?$mat@$03$03M$0A@@glm@@@Z)".
LINK : warning LNK4217: Символ "__glewUseProgram", определенный в "glew.obj", импортирован "lab1.obj" в функции "main".
LINK : warning LNK4217: Символ "__glewVertexAttribPointer", определенный в "glew.obj", импортирован "lab1.obj" в функции ""private: void __cdecl Mesh::setupMesh(void)" (?setupMesh@Mesh@@AEAAXXZ)".
LINK : warning LNK4217: Символ "__glewBindVertexArray", определенный в "glew.obj", импортирован "lab1.obj" в функции ""public: void __cdecl Mesh::Draw(unsigned int)" (?Draw@Mesh@@QEAAXI@Z)".
LINK : warning LNK4217: Символ "__glewGenVertexArrays", определенный в "glew.obj", импортирован "lab1.obj" в функции ""private: void __cdecl Mesh::setupMesh(void)" (?setupMesh@Mesh@@AEAAXXZ)".
LINK : warning LNK4217: Символ "glewExperimental", определенный в "glew.obj", импортирован "lab1.obj" в функции "main".
  lab1.vcxproj -> C:\Users\Rayphias\Desktop\Lab6\x64\Debug\lab1.exe
  C:\Users\Rayphias\Desktop\Lab6\lab1\models\lab3BOB.mtl
  C:\Users\Rayphias\Desktop\Lab6\lab1\models\lab3BOB.obj
  Скопировано файлов: 2.
